<?xml version="1.0" encoding="UTF-8"?>
<!-- Generated by org.testng.reporters.JUnitReportReporter -->
<testsuite hostname="DESKTOP-RPNCNMP" failures="0" tests="5" name="TestNG_Annotation.Before_And_After_Class_Annotations" time="0.013" errors="0" timestamp="2021-02-06T07:16:44 AFT" skipped="0">
  <testcase classname="TestNG_Annotation.Before_And_After_Class_Annotations" name="creatingPost" time="0.006"/>
  <system-out/>
  <testcase classname="TestNG_Annotation.Before_And_After_Class_Annotations" name="findingFrieds" time="0.002"/>
  <system-out/>
  <testcase classname="TestNG_Annotation.Before_And_After_Class_Annotations" name="scrollingDown" time="0.002"/>
  <system-out/>
  <testcase classname="TestNG_Annotation.Before_And_After_Class_Annotations" name="CreatingStory" time="0.002"/>
  <system-out/>
  <testcase classname="TestNG_Annotation.Before_And_After_Class_Annotations" name="ClickingOnMarketPlace" time="0.001"/>
  <system-out/>
</testsuite> <!-- TestNG_Annotation.Before_And_After_Class_Annotations -->
