<?xml version="1.0" encoding="UTF-8"?>
<!-- Generated by org.testng.reporters.JUnitReportReporter -->
<testsuite hostname="DESKTOP-RPNCNMP" failures="0" tests="5" name="Before_And_After_Tests.TestCaseTwo" time="0.006" errors="0" timestamp="2021-02-06T08:05:01 AFT" skipped="0">
  <testcase classname="Before_And_After_Tests.TestCaseTwo" name="creatingPostTestCase2" time="0.001"/>
  <system-out/>
  <testcase classname="Before_And_After_Tests.TestCaseTwo" name="findingFriedsTestCase2" time="0.002"/>
  <system-out/>
  <testcase classname="Before_And_After_Tests.TestCaseTwo" name="scrollingDownTestCase2" time="0.001"/>
  <system-out/>
  <testcase classname="Before_And_After_Tests.TestCaseTwo" name="CreatingStoryTestCase2" time="0.001"/>
  <system-out/>
  <testcase classname="Before_And_After_Tests.TestCaseTwo" name="ClickingOnMarketPlace2" time="0.001"/>
  <system-out/>
</testsuite> <!-- Before_And_After_Tests.TestCaseTwo -->
