<?xml version="1.0" encoding="UTF-8"?>
<!-- Generated by org.testng.reporters.JUnitReportReporter -->
<testsuite hostname="DESKTOP-RPNCNMP" failures="0" tests="5" name="Before_And_After_Tests_Annotaitions.TestCaseOne" time="0.009" errors="0" timestamp="2021-02-06T08:13:10 AFT" skipped="0">
  <testcase classname="Before_And_After_Tests_Annotaitions.TestCaseOne" name="creatingPostTestCase1" time="0.004"/>
  <system-out/>
  <testcase classname="Before_And_After_Tests_Annotaitions.TestCaseOne" name="findingFriedsTestCase1" time="0.002"/>
  <system-out/>
  <testcase classname="Before_And_After_Tests_Annotaitions.TestCaseOne" name="scrollingDownTestCase1" time="0.001"/>
  <system-out/>
  <testcase classname="Before_And_After_Tests_Annotaitions.TestCaseOne" name="CreatingStoryTestCase1" time="0.001"/>
  <system-out/>
  <testcase classname="Before_And_After_Tests_Annotaitions.TestCaseOne" name="ClickingOnMarketPlace1" time="0.001"/>
  <system-out/>
</testsuite> <!-- Before_And_After_Tests_Annotaitions.TestCaseOne -->
