<?xml version="1.0" encoding="UTF-8"?>
<!-- Generated by org.testng.reporters.JUnitReportReporter -->
<testsuite hostname="DESKTOP-RPNCNMP" failures="0" tests="5" name="TestNG_Annotation.Before_And_After_Annotations" time="0.021" errors="0" timestamp="2021-02-06T07:10:16 AFT" skipped="0">
  <testcase classname="TestNG_Annotation.Before_And_After_Annotations" name="creatingPost" time="0.012"/>
  <system-out/>
  <testcase classname="TestNG_Annotation.Before_And_After_Annotations" name="findingFrieds" time="0.001"/>
  <system-out/>
  <testcase classname="TestNG_Annotation.Before_And_After_Annotations" name="scrollingDown" time="0.004"/>
  <system-out/>
  <testcase classname="TestNG_Annotation.Before_And_After_Annotations" name="CreatingStory" time="0.001"/>
  <system-out/>
  <testcase classname="TestNG_Annotation.Before_And_After_Annotations" name="ClickingOnMarketPlace" time="0.003"/>
  <system-out/>
</testsuite> <!-- TestNG_Annotation.Before_And_After_Annotations -->
