<?xml version="1.0" encoding="UTF-8"?>
<!-- Generated by org.testng.reporters.JUnitReportReporter -->
<testsuite hostname="DESKTOP-RPNCNMP" failures="0" tests="4" name="TestNG_Annotation.First_Test_Annotation" time="0.010" errors="0" timestamp="2021-02-06T08:10:16 AFT" skipped="0">
  <testcase classname="TestNG_Annotation.First_Test_Annotation" name="openFacebookUrl" time="0.006"/>
  <system-out/>
  <testcase classname="TestNG_Annotation.First_Test_Annotation" name="enterValidUserName" time="0.002"/>
  <system-out/>
  <testcase classname="TestNG_Annotation.First_Test_Annotation" name="enterValidPassword" time="0.001"/>
  <system-out/>
  <testcase classname="TestNG_Annotation.First_Test_Annotation" name="clickOnTheLoginButton" time="0.001"/>
  <system-out/>
</testsuite> <!-- TestNG_Annotation.First_Test_Annotation -->
