<?xml version="1.0" encoding="UTF-8"?>
<!-- Generated by org.testng.reporters.JUnitReportReporter -->
<testsuite hostname="DESKTOP-RPNCNMP" failures="0" tests="4" name="TestNG_Annotation.Test_Tag" time="0.014" errors="0" timestamp="2021-02-09T03:38:31 AFT" skipped="0">
  <testcase classname="TestNG_Annotation.Test_Tag" name="openFacebookUrl" time="0.010"/>
  <system-out/>
  <testcase classname="TestNG_Annotation.Test_Tag" name="enterValidUserName" time="0.001"/>
  <system-out/>
  <testcase classname="TestNG_Annotation.Test_Tag" name="enterValidPassword" time="0.001"/>
  <system-out/>
  <testcase classname="TestNG_Annotation.Test_Tag" name="clickOnTheLoginButton" time="0.002"/>
  <system-out/>
</testsuite> <!-- TestNG_Annotation.Test_Tag -->
